<?xml version="1.0" encoding="UTF-8"?>
<!-- Generated by org.testng.reporters.JUnitReportReporter -->
<testsuite hostname="PT264LT" failures="0" tests="1" name="ui.Automation" time="6.441" errors="0" timestamp="2024-06-06T19:33:31 IST" skipped="0">
  <testcase classname="ui.Automation" name="RemoveFromCart" time="6.441"/>
</testsuite> <!-- ui.Automation -->
