<?xml version="1.0" encoding="UTF-8"?>
<!-- Generated by org.testng.reporters.JUnitReportReporter -->
<testsuite hostname="PT264LT" failures="0" tests="7" name="AutomationPractice.Login" time="28.098" errors="0" timestamp="2024-04-23T17:38:23 IST" skipped="0">
  <testcase classname="AutomationPractice.Login" name="TitleCheck" time="3.017"/>
  <testcase classname="AutomationPractice.Login" name="CheckCartItems" time="3.049"/>
  <testcase classname="AutomationPractice.Login" name="RemoveFromCart" time="6.363"/>
  <testcase classname="AutomationPractice.Login" name="AddtoCart" time="2.069"/>
  <testcase classname="AutomationPractice.Login" name="Checkout" time="3.292"/>
  <testcase classname="AutomationPractice.Login" name="Sorting" time="8.263"/>
  <testcase classname="AutomationPractice.Login" name="Finish" time="2.045"/>
</testsuite> <!-- AutomationPractice.Login -->
